<?xml version="1.0" encoding="UTF-8"?>
<testng-results ignored="1" total="8" passed="6" failed="1" skipped="0">
  <reporter-output>
  </reporter-output>
  <suite started-at="2022-06-24T19:08:12 IST" name="Suite" finished-at="2022-06-24T19:08:12 IST" duration-ms="249">
    <groups>
    </groups>
    <test started-at="2022-06-24T19:08:12 IST" name="Test" finished-at="2022-06-24T19:08:12 IST" duration-ms="249">
      <class name="com.sn.test.pages.JustToCheckSetup">
        <test-method is-config="true" signature="beforeMethod()[pri:0, instance:com.sn.test.pages.JustToCheckSetup@16610890]" started-at="2022-06-24T19:08:12 IST" name="beforeMethod" finished-at="2022-06-24T19:08:12 IST" duration-ms="8" status="PASS">
          <reporter-output>
          </reporter-output>
        </test-method> <!-- beforeMethod -->
        <test-method signature="fTestTwo()[pri:2, instance:com.sn.test.pages.JustToCheckSetup@16610890]" started-at="2022-06-24T19:08:12 IST" name="fTestTwo" finished-at="2022-06-24T19:08:12 IST" duration-ms="14" status="PASS">
          <reporter-output>
          </reporter-output>
        </test-method> <!-- fTestTwo -->
        <test-method is-config="true" signature="afterMethod()[pri:0, instance:com.sn.test.pages.JustToCheckSetup@16610890]" started-at="2022-06-24T19:08:12 IST" name="afterMethod" finished-at="2022-06-24T19:08:12 IST" duration-ms="0" status="PASS">
          <reporter-output>
          </reporter-output>
        </test-method> <!-- afterMethod -->
        <test-method is-config="true" signature="beforeMethod()[pri:0, instance:com.sn.test.pages.JustToCheckSetup@16610890]" started-at="2022-06-24T19:08:12 IST" name="beforeMethod" finished-at="2022-06-24T19:08:12 IST" duration-ms="0" status="PASS">
          <reporter-output>
          </reporter-output>
        </test-method> <!-- beforeMethod -->
        <test-method signature="fTestThree()[pri:3, instance:com.sn.test.pages.JustToCheckSetup@16610890]" started-at="2022-06-24T19:08:12 IST" name="fTestThree" finished-at="2022-06-24T19:08:12 IST" duration-ms="7" status="FAIL">
          <exception class="java.lang.AssertionError">
            <message>
              <![CDATA[expected [Test] but found [test]]]>
            </message>
            <full-stacktrace>
              <![CDATA[java.lang.AssertionError: expected [Test] but found [test]
at org.testng.Assert.fail(Assert.java:99)
at org.testng.Assert.failNotEquals(Assert.java:1037)
at org.testng.Assert.assertEqualsImpl(Assert.java:140)
at org.testng.Assert.assertEquals(Assert.java:122)
at org.testng.Assert.assertEquals(Assert.java:629)
at org.testng.Assert.assertEquals(Assert.java:639)
at com.sn.test.pages.JustToCheckSetup.fTestThree(JustToCheckSetup.java:31)
at java.base/jdk.internal.reflect.NativeMethodAccessorImpl.invoke0(Native Method)
at java.base/jdk.internal.reflect.NativeMethodAccessorImpl.invoke(NativeMethodAccessorImpl.java:77)
at java.base/jdk.internal.reflect.DelegatingMethodAccessorImpl.invoke(DelegatingMethodAccessorImpl.java:43)
at java.base/java.lang.reflect.Method.invoke(Method.java:568)
at org.testng.internal.MethodInvocationHelper.invokeMethod(MethodInvocationHelper.java:133)
at org.testng.internal.TestInvoker.invokeMethod(TestInvoker.java:598)
at org.testng.internal.TestInvoker.invokeTestMethod(TestInvoker.java:173)
at org.testng.internal.MethodRunner.runInSequence(MethodRunner.java:46)
at org.testng.internal.TestInvoker$MethodInvocationAgent.invoke(TestInvoker.java:824)
at org.testng.internal.TestInvoker.invokeTestMethods(TestInvoker.java:146)
at org.testng.internal.TestMethodWorker.invokeTestMethods(TestMethodWorker.java:146)
at org.testng.internal.TestMethodWorker.run(TestMethodWorker.java:128)
at java.base/java.util.ArrayList.forEach(ArrayList.java:1511)
at org.testng.TestRunner.privateRun(TestRunner.java:794)
at org.testng.TestRunner.run(TestRunner.java:596)
at org.testng.SuiteRunner.runTest(SuiteRunner.java:377)
at org.testng.SuiteRunner.runSequentially(SuiteRunner.java:371)
at org.testng.SuiteRunner.privateRun(SuiteRunner.java:332)
at org.testng.SuiteRunner.run(SuiteRunner.java:276)
at org.testng.SuiteRunnerWorker.runSuite(SuiteRunnerWorker.java:53)
at org.testng.SuiteRunnerWorker.run(SuiteRunnerWorker.java:96)
at org.testng.TestNG.runSuitesSequentially(TestNG.java:1212)
at org.testng.TestNG.runSuitesLocally(TestNG.java:1134)
at org.testng.TestNG.runSuites(TestNG.java:1063)
at org.testng.TestNG.run(TestNG.java:1031)
at org.testng.remote.AbstractRemoteTestNG.run(AbstractRemoteTestNG.java:115)
at org.testng.remote.RemoteTestNG.initAndRun(RemoteTestNG.java:251)
at org.testng.remote.RemoteTestNG.main(RemoteTestNG.java:77)
]]>
            </full-stacktrace>
          </exception> <!-- java.lang.AssertionError -->
          <reporter-output>
          </reporter-output>
        </test-method> <!-- fTestThree -->
        <test-method is-config="true" signature="afterMethod()[pri:0, instance:com.sn.test.pages.JustToCheckSetup@16610890]" started-at="2022-06-24T19:08:12 IST" name="afterMethod" finished-at="2022-06-24T19:08:12 IST" duration-ms="2" status="PASS">
          <reporter-output>
          </reporter-output>
        </test-method> <!-- afterMethod -->
        <test-method is-config="true" signature="beforeMethod()[pri:0, instance:com.sn.test.pages.JustToCheckSetup@16610890]" started-at="2022-06-24T19:08:12 IST" name="beforeMethod" finished-at="2022-06-24T19:08:12 IST" duration-ms="1" status="PASS">
          <reporter-output>
          </reporter-output>
        </test-method> <!-- beforeMethod -->
        <test-method signature="fTestFour()[pri:4, instance:com.sn.test.pages.JustToCheckSetup@16610890]" started-at="2022-06-24T19:08:12 IST" name="fTestFour" finished-at="2022-06-24T19:08:12 IST" duration-ms="5" status="PASS">
          <reporter-output>
          </reporter-output>
        </test-method> <!-- fTestFour -->
        <test-method is-config="true" signature="afterMethod()[pri:0, instance:com.sn.test.pages.JustToCheckSetup@16610890]" started-at="2022-06-24T19:08:12 IST" name="afterMethod" finished-at="2022-06-24T19:08:12 IST" duration-ms="2" status="PASS">
          <reporter-output>
          </reporter-output>
        </test-method> <!-- afterMethod -->
      </class> <!-- com.sn.test.pages.JustToCheckSetup -->
      <class name="com.sn.test.pages.SecondTestClass">
        <test-method is-config="true" signature="beforeMethod()[pri:0, instance:com.sn.test.pages.SecondTestClass@434a63ab]" started-at="2022-06-24T19:08:12 IST" name="beforeMethod" finished-at="2022-06-24T19:08:12 IST" duration-ms="1" status="PASS">
          <reporter-output>
          </reporter-output>
        </test-method> <!-- beforeMethod -->
        <test-method signature="fTestOne()[pri:1, instance:com.sn.test.pages.SecondTestClass@434a63ab]" started-at="2022-06-24T19:08:12 IST" name="fTestOne" finished-at="2022-06-24T19:08:12 IST" duration-ms="3" status="PASS">
          <reporter-output>
          </reporter-output>
        </test-method> <!-- fTestOne -->
        <test-method is-config="true" signature="afterMethod()[pri:0, instance:com.sn.test.pages.SecondTestClass@434a63ab]" started-at="2022-06-24T19:08:12 IST" name="afterMethod" finished-at="2022-06-24T19:08:12 IST" duration-ms="1" status="PASS">
          <reporter-output>
          </reporter-output>
        </test-method> <!-- afterMethod -->
        <test-method is-config="true" signature="beforeMethod()[pri:0, instance:com.sn.test.pages.SecondTestClass@434a63ab]" started-at="2022-06-24T19:08:12 IST" name="beforeMethod" finished-at="2022-06-24T19:08:12 IST" duration-ms="1" status="PASS">
          <reporter-output>
          </reporter-output>
        </test-method> <!-- beforeMethod -->
        <test-method signature="fTestTwo()[pri:2, instance:com.sn.test.pages.SecondTestClass@434a63ab]" started-at="2022-06-24T19:08:12 IST" name="fTestTwo" finished-at="2022-06-24T19:08:12 IST" duration-ms="2" status="PASS">
          <reporter-output>
          </reporter-output>
        </test-method> <!-- fTestTwo -->
        <test-method is-config="true" signature="afterMethod()[pri:0, instance:com.sn.test.pages.SecondTestClass@434a63ab]" started-at="2022-06-24T19:08:12 IST" name="afterMethod" finished-at="2022-06-24T19:08:12 IST" duration-ms="0" status="PASS">
          <reporter-output>
          </reporter-output>
        </test-method> <!-- afterMethod -->
        <test-method is-config="true" signature="beforeMethod()[pri:0, instance:com.sn.test.pages.SecondTestClass@434a63ab]" started-at="2022-06-24T19:08:12 IST" name="beforeMethod" finished-at="2022-06-24T19:08:12 IST" duration-ms="1" status="PASS">
          <reporter-output>
          </reporter-output>
        </test-method> <!-- beforeMethod -->
        <test-method signature="fTestThree()[pri:3, instance:com.sn.test.pages.SecondTestClass@434a63ab]" started-at="2022-06-24T19:08:12 IST" name="fTestThree" finished-at="2022-06-24T19:08:12 IST" duration-ms="2" status="PASS">
          <reporter-output>
          </reporter-output>
        </test-method> <!-- fTestThree -->
        <test-method is-config="true" signature="afterMethod()[pri:0, instance:com.sn.test.pages.SecondTestClass@434a63ab]" started-at="2022-06-24T19:08:12 IST" name="afterMethod" finished-at="2022-06-24T19:08:12 IST" duration-ms="1" status="PASS">
          <reporter-output>
          </reporter-output>
        </test-method> <!-- afterMethod -->
        <test-method is-config="true" signature="beforeMethod()[pri:0, instance:com.sn.test.pages.SecondTestClass@434a63ab]" started-at="2022-06-24T19:08:12 IST" name="beforeMethod" finished-at="2022-06-24T19:08:12 IST" duration-ms="1" status="PASS">
          <reporter-output>
          </reporter-output>
        </test-method> <!-- beforeMethod -->
        <test-method signature="fTestFour()[pri:4, instance:com.sn.test.pages.SecondTestClass@434a63ab]" started-at="2022-06-24T19:08:12 IST" name="fTestFour" finished-at="2022-06-24T19:08:12 IST" duration-ms="8" status="PASS">
          <reporter-output>
          </reporter-output>
        </test-method> <!-- fTestFour -->
        <test-method is-config="true" signature="afterMethod()[pri:0, instance:com.sn.test.pages.SecondTestClass@434a63ab]" started-at="2022-06-24T19:08:12 IST" name="afterMethod" finished-at="2022-06-24T19:08:12 IST" duration-ms="1" status="PASS">
          <reporter-output>
          </reporter-output>
        </test-method> <!-- afterMethod -->
      </class> <!-- com.sn.test.pages.SecondTestClass -->
    </test> <!-- Test -->
  </suite> <!-- Suite -->
</testng-results>
